c:\github\official git\aspose_slides_c\examples\slidescpp\x64\debug\accesschildnodes.obj
c:\github\official git\aspose_slides_c\examples\slidescpp\x64\debug\accessoleobjectframe.obj
c:\github\official git\aspose_slides_c\examples\slidescpp\x64\debug\accessslidecomments.obj
c:\github\official git\aspose_slides_c\examples\slidescpp\x64\debug\accesssmartartshape.obj
c:\github\official git\aspose_slides_c\examples\slidescpp\x64\debug\addaudioframe.obj
c:\github\official git\aspose_slides_c\examples\slidescpp\x64\debug\addcustomerror.obj
c:\github\official git\aspose_slides_c\examples\slidescpp\x64\debug\addfunnelchart.obj
c:\github\official git\aspose_slides_c\examples\slidescpp\x64\debug\addingemzimagestoimagecollection.obj
c:\github\official git\aspose_slides_c\examples\slidescpp\x64\debug\addnotesslidewithnotesstyle.obj
c:\github\official git\aspose_slides_c\examples\slidescpp\x64\debug\addsimplepictureframes.obj
c:\github\official git\aspose_slides_c\examples\slidescpp\x64\debug\addsunburstchart.obj
c:\github\official git\aspose_slides_c\examples\slidescpp\x64\debug\addvideoframefromwebsource.obj
c:\github\official git\aspose_slides_c\examples\slidescpp\x64\debug\animatingserieselements.obj
c:\github\official git\aspose_slides_c\examples\slidescpp\x64\debug\applybeveleffects.obj
c:\github\official git\aspose_slides_c\examples\slidescpp\x64\debug\assistantnode.obj
c:\github\official git\aspose_slides_c\examples\slidescpp\x64\debug\changechartcategoryaxis.obj
c:\github\official git\aspose_slides_c\examples\slidescpp\x64\debug\changeshapeorder.obj
c:\github\official git\aspose_slides_c\examples\slidescpp\x64\debug\changingseriescolor.obj
c:\github\official git\aspose_slides_c\examples\slidescpp\x64\debug\checkslidescomparison.obj
c:\github\official git\aspose_slides_c\examples\slidescpp\x64\debug\cloneatendofanotherspecificposition.obj
c:\github\official git\aspose_slides_c\examples\slidescpp\x64\debug\clonetoanotherpresentationwithmaster.obj
c:\github\official git\aspose_slides_c\examples\slidescpp\x64\debug\cloningintable.obj
c:\github\official git\aspose_slides_c\examples\slidescpp\x64\debug\conversiontotiffnotes.obj
c:\github\official git\aspose_slides_c\examples\slidescpp\x64\debug\convertingpresentationtohtmlwithembedallfontshtmlcontroller.obj
c:\github\official git\aspose_slides_c\examples\slidescpp\x64\debug\converttopdf.obj
c:\github\official git\aspose_slides_c\examples\slidescpp\x64\debug\convertwholepresentationtohtml.obj
c:\github\official git\aspose_slides_c\examples\slidescpp\x64\debug\createboundsshapethumbnail.obj
c:\github\official git\aspose_slides_c\examples\slidescpp\x64\debug\createshapesvgimage.obj
c:\github\official git\aspose_slides_c\examples\slidescpp\x64\debug\customchildnodesinsmartart.obj
c:\github\official git\aspose_slides_c\examples\slidescpp\x64\debug\dateformatforcategoryaxis.obj
c:\github\official git\aspose_slides_c\examples\slidescpp\x64\debug\displaypercentageaslabels.obj
c:\github\official git\aspose_slides_c\examples\slidescpp\x64\debug\embedfontsinhtml.obj
c:\github\official git\aspose_slides_c\examples\slidescpp\x64\debug\exportinghtmltext.obj
c:\github\official git\aspose_slides_c\examples\slidescpp\x64\debug\fillshapespattern.obj
c:\github\official git\aspose_slides_c\examples\slidescpp\x64\debug\fontfamilysetting.obj
c:\github\official git\aspose_slides_c\examples\slidescpp\x64\debug\formattedellipse.obj
c:\github\official git\aspose_slides_c\examples\slidescpp\x64\debug\getfontsfolders.obj
c:\github\official git\aspose_slides_c\examples\slidescpp\x64\debug\hidingshapes.obj
c:\github\official git\aspose_slides_c\examples\slidescpp\x64\debug\interlopshapeid.obj
c:\github\official git\aspose_slides_c\examples\slidescpp\x64\debug\linespacing.obj
c:\github\official git\aspose_slides_c\examples\slidescpp\x64\debug\managepropertiescharts.obj
c:\github\official git\aspose_slides_c\examples\slidescpp\x64\debug\mergecell.obj
c:\github\official git\aspose_slides_c\examples\slidescpp\x64\debug\mutilevelbullets.obj
c:\github\official git\aspose_slides_c\examples\slidescpp\x64\debug\openpresentation.obj
c:\github\official git\aspose_slides_c\examples\slidescpp\x64\debug\paragraphindent.obj
c:\github\official git\aspose_slides_c\examples\slidescpp\x64\debug\pictureorganizationchart.obj
c:\github\official git\aspose_slides_c\examples\slidescpp\x64\debug\presentationtotiffwithdefaultsize.obj
c:\github\official git\aspose_slides_c\examples\slidescpp\x64\debug\removenotesfromallslides.obj
c:\github\official git\aspose_slides_c\examples\slidescpp\x64\debug\removevbamacros.obj
c:\github\official git\aspose_slides_c\examples\slidescpp\x64\debug\replacefontsexplicitly.obj
c:\github\official git\aspose_slides_c\examples\slidescpp\x64\debug\rulebasedfontsreplacement.obj
c:\github\official git\aspose_slides_c\examples\slidescpp\x64\debug\savewithpassword.obj
c:\github\official git\aspose_slides_c\examples\slidescpp\x64\debug\setalternativetext.obj
c:\github\official git\aspose_slides_c\examples\slidescpp\x64\debug\setbackgroundtogradient.obj
c:\github\official git\aspose_slides_c\examples\slidescpp\x64\debug\setdatalabelspercentagesign.obj
c:\github\official git\aspose_slides_c\examples\slidescpp\x64\debug\setmarkeroptionsonseries.obj
c:\github\official git\aspose_slides_c\examples\slidescpp\x64\debug\setslidebackgroundnormal.obj
c:\github\official git\aspose_slides_c\examples\slidescpp\x64\debug\settingautomicpiechartslicecolors.obj
c:\github\official git\aspose_slides_c\examples\slidescpp\x64\debug\settingfontsizeofindividuallegend.obj
c:\github\official git\aspose_slides_c\examples\slidescpp\x64\debug\settingpositionaxis.obj
c:\github\official git\aspose_slides_c\examples\slidescpp\x64\debug\shadoweffects.obj
c:\github\official git\aspose_slides_c\examples\slidescpp\x64\debug\simpleslidetransitions.obj
c:\github\official git\aspose_slides_c\examples\slidescpp\x64\debug\standardtables.obj
c:\github\official git\aspose_slides_c\examples\slidescpp\x64\debug\tablefromscratch.obj
c:\github\official git\aspose_slides_c\examples\slidescpp\x64\debug\thumbnailfromslide.obj
c:\github\official git\aspose_slides_c\examples\slidescpp\x64\debug\updatepresentationpropertiesusingnewtemplate.obj
c:\github\official git\aspose_slides_c\examples\slidescpp\x64\debug\verifyingpresentationwithoutloading.obj
c:\github\official git\aspose_slides_c\examples\slidescpp\x64\debug\accesschildnodespecificposition.obj
c:\github\official git\aspose_slides_c\examples\slidescpp\x64\debug\accessopendoc.obj
c:\github\official git\aspose_slides_c\examples\slidescpp\x64\debug\accessslidebyindex.obj
c:\github\official git\aspose_slides_c\examples\slidescpp\x64\debug\accesssmartartparticularlayout.obj
c:\github\official git\aspose_slides_c\examples\slidescpp\x64\debug\addblobtopresentation.obj
c:\github\official git\aspose_slides_c\examples\slidescpp\x64\debug\addembeddedfonts.obj
c:\github\official git\aspose_slides_c\examples\slidescpp\x64\debug\addhistogramparetochart.obj
c:\github\official git\aspose_slides_c\examples\slidescpp\x64\debug\addnodes.obj
c:\github\official git\aspose_slides_c\examples\slidescpp\x64\debug\addplainlinetoslide.obj
c:\github\official git\aspose_slides_c\examples\slidescpp\x64\debug\addslidecomments.obj
c:\github\official git\aspose_slides_c\examples\slidescpp\x64\debug\addvbamacros.obj
c:\github\official git\aspose_slides_c\examples\slidescpp\x64\debug\addwaterfallchart.obj
c:\github\official git\aspose_slides_c\examples\slidescpp\x64\debug\animationsonoleobject.obj
c:\github\official git\aspose_slides_c\examples\slidescpp\x64\debug\applyingexternalthemetodependingslides.obj
c:\github\official git\aspose_slides_c\examples\slidescpp\x64\debug\automaticchartseriescolor.obj
c:\github\official git\aspose_slides_c\examples\slidescpp\x64\debug\changecolorofcategoriesinseries.obj
c:\github\official git\aspose_slides_c\examples\slidescpp\x64\debug\changesmartartlayout.obj
c:\github\official git\aspose_slides_c\examples\slidescpp\x64\debug\changetextonsmartartnode.obj
c:\github\official git\aspose_slides_c\examples\slidescpp\x64\debug\chartentities.obj
c:\github\official git\aspose_slides_c\examples\slidescpp\x64\debug\cloneatendofanotherpresentation.obj
c:\github\official git\aspose_slides_c\examples\slidescpp\x64\debug\clonetoanotherpresentationwithsetsizeandtype.obj
c:\github\official git\aspose_slides_c\examples\slidescpp\x64\debug\connectorlineangle.obj
c:\github\official git\aspose_slides_c\examples\slidescpp\x64\debug\convertindividualslidetohtml.obj
c:\github\official git\aspose_slides_c\examples\slidescpp\x64\debug\convertpresentationtopasswordprotectedpdf.obj
c:\github\official git\aspose_slides_c\examples\slidescpp\x64\debug\converttopdfwithhiddenslides.obj
c:\github\official git\aspose_slides_c\examples\slidescpp\x64\debug\convertwithxpsoptions.obj
c:\github\official git\aspose_slides_c\examples\slidescpp\x64\debug\createscalingfactorthumbnail.obj
c:\github\official git\aspose_slides_c\examples\slidescpp\x64\debug\createsmartartchildnotethumbnail.obj
c:\github\official git\aspose_slides_c\examples\slidescpp\x64\debug\customoptionspdfconversion.obj
c:\github\official git\aspose_slides_c\examples\slidescpp\x64\debug\defaultprinterprinting.obj
c:\github\official git\aspose_slides_c\examples\slidescpp\x64\debug\doughnutcharthole.obj
c:\github\official git\aspose_slides_c\examples\slidescpp\x64\debug\existingchart.obj
c:\github\official git\aspose_slides_c\examples\slidescpp\x64\debug\fillformatsmartartshapenode.obj
c:\github\official git\aspose_slides_c\examples\slidescpp\x64\debug\fillshapespicture.obj
c:\github\official git\aspose_slides_c\examples\slidescpp\x64\debug\fontproperties.obj
c:\github\official git\aspose_slides_c\examples\slidescpp\x64\debug\formattedrectangle.obj
c:\github\official git\aspose_slides_c\examples\slidescpp\x64\debug\gettextfromsmartartnode.obj
c:\github\official git\aspose_slides_c\examples\slidescpp\x64\debug\importinghtmltext.obj
c:\github\official git\aspose_slides_c\examples\slidescpp\x64\debug\manageslidessections.obj
c:\github\official git\aspose_slides_c\examples\slidescpp\x64\debug\manageembeddedfonts.obj
c:\github\official git\aspose_slides_c\examples\slidescpp\x64\debug\managesimpleslidetransitions.obj
c:\github\official git\aspose_slides_c\examples\slidescpp\x64\debug\mergecells.obj
c:\github\official git\aspose_slides_c\examples\slidescpp\x64\debug\normalcharts.obj
c:\github\official git\aspose_slides_c\examples\slidescpp\x64\debug\openverylargepresentation.obj
c:\github\official git\aspose_slides_c\examples\slidescpp\x64\debug\paragraphsalignment.obj
c:\github\official git\aspose_slides_c\examples\slidescpp\x64\debug\ppttopptx.obj
c:\github\official git\aspose_slides_c\examples\slidescpp\x64\debug\removenodespecificposition.obj
c:\github\official git\aspose_slides_c\examples\slidescpp\x64\debug\removeslideusingreference.obj
c:\github\official git\aspose_slides_c\examples\slidescpp\x64\debug\removewriteprotection.obj
c:\github\official git\aspose_slides_c\examples\slidescpp\x64\debug\renderingnoteswhileconvertingtohtml.obj
c:\github\official git\aspose_slides_c\examples\slidescpp\x64\debug\rotatingtext.obj
c:\github\official git\aspose_slides_c\examples\slidescpp\x64\debug\saveproperties.obj
c:\github\official git\aspose_slides_c\examples\slidescpp\x64\debug\scatteredchart.obj
c:\github\official git\aspose_slides_c\examples\slidescpp\x64\debug\setautomaticseriesfillcolor.obj
c:\github\official git\aspose_slides_c\examples\slidescpp\x64\debug\setchildfooter.obj
c:\github\official git\aspose_slides_c\examples\slidescpp\x64\debug\setimageasbackground.obj
c:\github\official git\aspose_slides_c\examples\slidescpp\x64\debug\setslidebackgroundmaster.obj
c:\github\official git\aspose_slides_c\examples\slidescpp\x64\debug\settextfontproperties.obj
c:\github\official git\aspose_slides_c\examples\slidescpp\x64\debug\settingfontpropertiesforchartdatatable.obj
c:\github\official git\aspose_slides_c\examples\slidescpp\x64\debug\settinginvertifnegativepropertyforindividualseries.obj
c:\github\official git\aspose_slides_c\examples\slidescpp\x64\debug\setzoom.obj
c:\github\official git\aspose_slides_c\examples\slidescpp\x64\debug\simpleellipse.obj
c:\github\official git\aspose_slides_c\examples\slidescpp\x64\debug\specificprinterprinting.obj
c:\github\official git\aspose_slides_c\examples\slidescpp\x64\debug\addingsuperscriptandsubscripttextintextframe.obj
c:\github\official git\aspose_slides_c\examples\slidescpp\x64\debug\textboxhyperlink.obj
c:\github\official git\aspose_slides_c\examples\slidescpp\x64\debug\thumbnailwithuserdefineddimensions.obj
c:\github\official git\aspose_slides_c\examples\slidescpp\x64\debug\updatepresentationpropertiesusingpropertiesofanotherpresentationasatemplate.obj
c:\github\official git\aspose_slides_c\examples\slidescpp\x64\debug\verticalaxisrotationangle.obj
c:\github\official git\aspose_slides_c\examples\slidescpp\x64\debug\accessingalttextingroupshapes.obj
c:\github\official git\aspose_slides_c\examples\slidescpp\x64\debug\accessproperties.obj
c:\github\official git\aspose_slides_c\examples\slidescpp\x64\debug\accessslides.obj
c:\github\official git\aspose_slides_c\examples\slidescpp\x64\debug\addarrowshapedline.obj
c:\github\official git\aspose_slides_c\examples\slidescpp\x64\debug\addboxandwhiskerchart.obj
c:\github\official git\aspose_slides_c\examples\slidescpp\x64\debug\addhistogramchart.obj
c:\github\official git\aspose_slides_c\examples\slidescpp\x64\debug\addlayoutslides.obj
c:\github\official git\aspose_slides_c\examples\slidescpp\x64\debug\addoleobjectframe.obj
c:\github\official git\aspose_slides_c\examples\slidescpp\x64\debug\addstockchart.obj
c:\github\official git\aspose_slides_c\examples\slidescpp\x64\debug\animatingcategorieselements.obj
c:\github\official git\aspose_slides_c\examples\slidescpp\x64\debug\animationsonshapes.obj
c:\github\official git\aspose_slides_c\examples\slidescpp\x64\debug\applyinnershadow.obj
c:\github\official git\aspose_slides_c\examples\slidescpp\x64\debug\bestimagescompressionratioforpdf.obj
c:\github\official git\aspose_slides_c\examples\slidescpp\x64\debug\changeoleobjectdata.obj
c:\github\official git\aspose_slides_c\examples\slidescpp\x64\debug\changesmartartstate.obj
c:\github\official git\aspose_slides_c\examples\slidescpp\x64\debug\charttrendlines.obj
c:\github\official git\aspose_slides_c\examples\slidescpp\x64\debug\cloneinanotherpresentationatspecifiedposition.obj
c:\github\official git\aspose_slides_c\examples\slidescpp\x64\debug\clonewithinsamepresentation.obj
c:\github\official git\aspose_slides_c\examples\slidescpp\x64\debug\connectshapesusingconnectors.obj
c:\github\official git\aspose_slides_c\examples\slidescpp\x64\debug\convertnotesslideviewtopdf.obj
c:\github\official git\aspose_slides_c\examples\slidescpp\x64\debug\converttoswf.obj
c:\github\official git\aspose_slides_c\examples\slidescpp\x64\debug\creategroupshape.obj
c:\github\official git\aspose_slides_c\examples\slidescpp\x64\debug\createslidessvgimage.obj
c:\github\official git\aspose_slides_c\examples\slidescpp\x64\debug\customheaderandfontscontroller.obj
c:\github\official git\aspose_slides_c\examples\slidescpp\x64\debug\defaultfonts.obj
c:\github\official git\aspose_slides_c\examples\slidescpp\x64\debug\adddoughnutcallout.obj
c:\github\official git\aspose_slides_c\examples\slidescpp\x64\debug\endparagraphproperties.obj
c:\github\official git\aspose_slides_c\examples\slidescpp\x64\debug\extractvideo.obj
c:\github\official git\aspose_slides_c\examples\slidescpp\x64\debug\fillshapeswithsolidcolor.obj
c:\github\official git\aspose_slides_c\examples\slidescpp\x64\debug\formatjoinstyles.obj
c:\github\official git\aspose_slides_c\examples\slidescpp\x64\debug\geteffectsbytextparagraph.obj
c:\github\official git\aspose_slides_c\examples\slidescpp\x64\debug\headerfootermanager.obj
c:\github\official git\aspose_slides_c\examples\slidescpp\x64\debug\insertsvgintopresentation.obj
c:\github\official git\aspose_slides_c\examples\slidescpp\x64\debug\linkallfontshtmlcontroller.obj
c:\github\official git\aspose_slides_c\examples\slidescpp\x64\debug\manageparagraphfontproperties.obj
c:\github\official git\aspose_slides_c\examples\slidescpp\x64\debug\managingbetterslidetransitions.obj
c:\github\official git\aspose_slides_c\examples\slidescpp\x64\debug\multicategorychart.obj
c:\github\official git\aspose_slides_c\examples\slidescpp\x64\debug\openpasswordpresentation.obj
c:\github\official git\aspose_slides_c\examples\slidescpp\x64\debug\paragraphbullets.obj
c:\github\official git\aspose_slides_c\examples\slidescpp\x64\debug\piechart.obj
c:\github\official git\aspose_slides_c\examples\slidescpp\x64\debug\removenode.obj
c:\github\official git\aspose_slides_c\examples\slidescpp\x64\debug\removeshape.obj
c:\github\official git\aspose_slides_c\examples\slidescpp\x64\debug\rendercomments.obj
c:\github\official git\aspose_slides_c\examples\slidescpp\x64\debug\rotatingshapes.obj
c:\github\official git\aspose_slides_c\examples\slidescpp\x64\debug\saveasreadonly.obj
c:\github\official git\aspose_slides_c\examples\slidescpp\x64\debug\savinghtmlandcssfilewhenexportingintohtml.obj
c:\github\official git\aspose_slides_c\examples\slidescpp\x64\debug\setanchoroftextframe.obj
c:\github\official git\aspose_slides_c\examples\slidescpp\x64\debug\setcategoryaxislabeldistance.obj
c:\github\official git\aspose_slides_c\examples\slidescpp\x64\debug\setdatarange.obj
c:\github\official git\aspose_slides_c\examples\slidescpp\x64\debug\setpdfpagesize.obj
c:\github\official git\aspose_slides_c\examples\slidescpp\x64\debug\setslidenumber.obj
c:\github\official git\aspose_slides_c\examples\slidescpp\x64\debug\settingbubblechartscaling.obj
c:\github\official git\aspose_slides_c\examples\slidescpp\x64\debug\settingfontsizeoflegend.obj
c:\github\official git\aspose_slides_c\examples\slidescpp\x64\debug\settransitioneffects.obj
c:\github\official git\aspose_slides_c\examples\slidescpp\x64\debug\simplerectangle.obj
c:\github\official git\aspose_slides_c\examples\slidescpp\x64\debug\specifyfontsusedwithpresentation.obj
c:\github\official git\aspose_slides_c\examples\slidescpp\x64\debug\switchchartrowcolumns.obj
c:\github\official git\aspose_slides_c\examples\slidescpp\x64\debug\textboxonslideprogram.obj
c:\github\official git\aspose_slides_c\examples\slidescpp\x64\debug\updateexistingtable.obj
c:\github\official git\aspose_slides_c\examples\slidescpp\x64\debug\usecustomfonts.obj
c:\github\official git\aspose_slides_c\examples\slidescpp\x64\debug\accessbuiltinproperties.obj
c:\github\official git\aspose_slides_c\examples\slidescpp\x64\debug\accessmodifyingproperties.obj
c:\github\official git\aspose_slides_c\examples\slidescpp\x64\debug\accessslidebyid.obj
c:\github\official git\aspose_slides_c\examples\slidescpp\x64\debug\accesssmartart.obj
c:\github\official git\aspose_slides_c\examples\slidescpp\x64\debug\addarrowshapedlinetoslide.obj
c:\github\official git\aspose_slides_c\examples\slidescpp\x64\debug\addcolumnintexboxes.obj
c:\github\official git\aspose_slides_c\examples\slidescpp\x64\debug\adderrorbars.obj
c:\github\official git\aspose_slides_c\examples\slidescpp\x64\debug\addimageinsidetablecell.obj
c:\github\official git\aspose_slides_c\examples\slidescpp\x64\debug\addnodesspecificposition.obj
c:\github\official git\aspose_slides_c\examples\slidescpp\x64\debug\addrelativescaleheightpictureframe.obj
c:\github\official git\aspose_slides_c\examples\slidescpp\x64\debug\addtreemapchart.obj
c:\github\official git\aspose_slides_c\examples\slidescpp\x64\debug\addvideoframe.obj
c:\github\official git\aspose_slides_c\examples\slidescpp\x64\debug\animatingseries.obj
c:\github\official git\aspose_slides_c\examples\slidescpp\x64\debug\apply3drotationeffectonshape.obj
c:\github\official git\aspose_slides_c\examples\slidescpp\x64\debug\applyoutershadow.obj
c:\github\official git\aspose_slides_c\examples\slidescpp\x64\debug\cellsplit.obj
c:\github\official git\aspose_slides_c\examples\slidescpp\x64\debug\changeposition.obj
c:\github\official git\aspose_slides_c\examples\slidescpp\x64\debug\changesmartartshapecolorstyle.obj
c:\github\official git\aspose_slides_c\examples\slidescpp\x64\debug\changsmartartshapestyle.obj
c:\github\official git\aspose_slides_c\examples\slidescpp\x64\debug\checksmartarthiddenproperty.obj
c:\github\official git\aspose_slides_c\examples\slidescpp\x64\debug\cloneshapes.obj
c:\github\official git\aspose_slides_c\examples\slidescpp\x64\debug\clonewithinsamepresentationtoend.obj
c:\github\official git\aspose_slides_c\examples\slidescpp\x64\debug\connectshapeusingconnectionsite.obj
c:\github\official git\aspose_slides_c\examples\slidescpp\x64\debug\convertingpresentationtohtmlwithpreservingoriginalfonts.obj
c:\github\official git\aspose_slides_c\examples\slidescpp\x64\debug\convertpresentationtoresponsivehtml.obj
c:\github\official git\aspose_slides_c\examples\slidescpp\x64\debug\convertwithoutxpsoptions.obj
c:\github\official git\aspose_slides_c\examples\slidescpp\x64\debug\createnewpresentation.obj
c:\github\official git\aspose_slides_c\examples\slidescpp\x64\debug\createshapethumbnail.obj
c:\github\official git\aspose_slides_c\examples\slidescpp\x64\debug\createsmartartshape.obj
c:\github\official git\aspose_slides_c\examples\slidescpp\x64\debug\customrotationangletextframe.obj
c:\github\official git\aspose_slides_c\examples\slidescpp\x64\debug\displaychartlabels.obj
c:\github\official git\aspose_slides_c\examples\slidescpp\x64\debug\embeddedvideoframe.obj
c:\github\official git\aspose_slides_c\examples\slidescpp\x64\debug\exportblobfrompresentation.obj
c:\github\official git\aspose_slides_c\examples\slidescpp\x64\debug\fillshapesgradient.obj
c:\github\official git\aspose_slides_c\examples\slidescpp\x64\debug\findshapeinslide.obj
c:\github\official git\aspose_slides_c\examples\slidescpp\x64\debug\formatlines.obj
c:\github\official git\aspose_slides_c\examples\slidescpp\x64\debug\getchartimage.obj
c:\github\official git\aspose_slides_c\examples\slidescpp\x64\debug\handoutheaderfootermanager.obj
c:\github\official git\aspose_slides_c\examples\slidescpp\x64\debug\hyperlinks.obj
c:\github\official git\aspose_slides_c\examples\slidescpp\x64\debug\manageslides.obj
c:\github\official git\aspose_slides_c\examples\slidescpp\x64\debug\main.obj
c:\github\official git\aspose_slides_c\examples\slidescpp\x64\debug\manageparagraphpicturebulletsinppt.obj
c:\github\official git\aspose_slides_c\examples\slidescpp\x64\debug\masternotesslideheaderfootermanager.obj
c:\github\official git\aspose_slides_c\examples\slidescpp\x64\debug\multipleparagraphs.obj
c:\github\official git\aspose_slides_c\examples\slidescpp\x64\debug\numberformat.obj
c:\github\official git\aspose_slides_c\examples\slidescpp\x64\debug\organizechartlayouttype.obj
c:\github\official git\aspose_slides_c\examples\slidescpp\x64\debug\pictureframeformatting.obj
c:\github\official git\aspose_slides_c\examples\slidescpp\x64\debug\presentationtotiffwithcustomimagepixelformat.obj
c:\github\official git\aspose_slides_c\examples\slidescpp\x64\debug\removenotesatspecificslide.obj
c:\github\official git\aspose_slides_c\examples\slidescpp\x64\debug\removeslideusingindex.obj
c:\github\official git\aspose_slides_c\examples\slidescpp\x64\debug\removingrowcolumn.obj
c:\github\official git\aspose_slides_c\examples\slidescpp\x64\debug\replacingtext.obj
c:\github\official git\aspose_slides_c\examples\slidescpp\x64\debug\saveaspredefinedviewtype.obj
c:\github\official git\aspose_slides_c\examples\slidescpp\x64\debug\savetofile.obj
c:\github\official git\aspose_slides_c\examples\slidescpp\x64\debug\secondplotoptionsforcharts.obj
c:\github\official git\aspose_slides_c\examples\slidescpp\x64\debug\setautofitoftextframe.obj
c:\github\official git\aspose_slides_c\examples\slidescpp\x64\debug\setchartseriesoverlap.obj
c:\github\official git\aspose_slides_c\examples\slidescpp\x64\debug\setgapwidth.obj
c:\github\official git\aspose_slides_c\examples\slidescpp\x64\debug\setsizeandtype.obj
c:\github\official git\aspose_slides_c\examples\slidescpp\x64\debug\setslidesizescale.obj
c:\github\official git\aspose_slides_c\examples\slidescpp\x64\debug\settingchartarearoundedborders.obj
c:\github\official git\aspose_slides_c\examples\slidescpp\x64\debug\settinginterruptiontoken.obj
c:\github\official git\aspose_slides_c\examples\slidescpp\x64\debug\settingprecisionofdatalabel.obj
c:\github\official git\aspose_slides_c\examples\slidescpp\x64\debug\showdisplayunitlabelonchartvalueaxis.obj
c:\github\official git\aspose_slides_c\examples\slidescpp\x64\debug\smartartnodelevel.obj
c:\github\official git\aspose_slides_c\examples\slidescpp\x64\debug\stretchoffsetleftforpictureframe.obj
c:\github\official git\aspose_slides_c\examples\slidescpp\x64\debug\tablewithcellborders.obj
c:\github\official git\aspose_slides_c\examples\slidescpp\x64\debug\thumbnailfromslideinnotes.obj
c:\github\official git\aspose_slides_c\examples\slidescpp\x64\debug\updatepresentationproperties.obj
c:\github\official git\aspose_slides_c\examples\slidescpp\x64\debug\verticallyaligntext.obj
c:\github\official git\aspose_slides_c\examples\slidescpp\x64\debug\vc140.pdb
c:\github\official git\aspose_slides_c\examples\x64\debug\slidescpp.ilk
c:\github\official git\aspose_slides_c\examples\x64\debug\slidescpp.exe
c:\github\official git\aspose_slides_c\examples\x64\debug\slidescpp.pdb
c:\github\official git\aspose_slides_c\examples\slidescpp\x64\debug\vc140.idb
c:\github\official git\aspose_slides_c\examples\slidescpp\x64\debug\slidescpp.tlog\cl.command.1.tlog
c:\github\official git\aspose_slides_c\examples\slidescpp\x64\debug\slidescpp.tlog\cl.read.1.tlog
c:\github\official git\aspose_slides_c\examples\slidescpp\x64\debug\slidescpp.tlog\cl.write.1.tlog
c:\github\official git\aspose_slides_c\examples\slidescpp\x64\debug\slidescpp.tlog\link.command.1.tlog
c:\github\official git\aspose_slides_c\examples\slidescpp\x64\debug\slidescpp.tlog\link.read.1.tlog
c:\github\official git\aspose_slides_c\examples\slidescpp\x64\debug\slidescpp.tlog\link.write.1.tlog
